<?xml version="1.0" encoding="UTF-8"?>
<!-- Generated by org.testng.reporters.JUnitReportReporter -->
<testsuite skipped="0" hostname="LAPTOP-5VTEB8JI" name="com.employeeapi.testCases.TC001_Get_All_Employees" tests="9" failures="0" timestamp="2020-04-09T00:25:51 BST" time="0.033" errors="0">
  <testcase name="checkContentType" time="0.001" classname="com.employeeapi.testCases.TC001_Get_All_Employees"/>
  <system-out/>
  <testcase name="checkContentLenght" time="0.005" classname="com.employeeapi.testCases.TC001_Get_All_Employees"/>
  <system-out/>
  <testcase name="checkResponseTime" time="0.001" classname="com.employeeapi.testCases.TC001_Get_All_Employees"/>
  <system-out/>
  <testcase name="checkResposeBody" time="0.015" classname="com.employeeapi.testCases.TC001_Get_All_Employees"/>
  <system-out/>
  <testcase name="checkStatusCode" time="0.002" classname="com.employeeapi.testCases.TC001_Get_All_Employees"/>
  <system-out/>
  <testcase name="checkcontentEncoding" time="0.001" classname="com.employeeapi.testCases.TC001_Get_All_Employees"/>
  <system-out/>
  <testcase name="checkCookies" time="0.001" classname="com.employeeapi.testCases.TC001_Get_All_Employees"/>
  <system-out/>
  <testcase name="checkstatusLine" time="0.005" classname="com.employeeapi.testCases.TC001_Get_All_Employees"/>
  <system-out/>
  <testcase name="checkserverType" time="0.002" classname="com.employeeapi.testCases.TC001_Get_All_Employees"/>
  <system-out/>
</testsuite> <!-- com.employeeapi.testCases.TC001_Get_All_Employees -->
