<?xml version="1.0" encoding="UTF-8"?>
<!-- Generated by org.testng.reporters.JUnitReportReporter -->
<testsuite skipped="0" hostname="LAPTOP-5VTEB8JI" name="com.inetbanking.testCases.TC_LoginTest_001" tests="1" failures="0" timestamp="2020-02-15T21:54:48 GMT" time="1.532" errors="0">
  <testcase name="loginTest" time="1.532" classname="com.inetbanking.testCases.TC_LoginTest_001"/>
  <system-out/>
</testsuite> <!-- com.inetbanking.testCases.TC_LoginTest_001 -->
