<?xml version="1.0" encoding="UTF-8"?>
<testsuite name="TestSuite" time="0.06" tests="34" errors="0" skipped="0" failures="6">
  <properties>
    <property name="java.runtime.name" value="Java(TM) SE Runtime Environment"/>
    <property name="java.vm.version" value="13.0.2+8"/>
    <property name="sun.boot.library.path" value="C:\Program Files\Java\jdk-13.0.2\bin"/>
    <property name="maven.multiModuleProjectDirectory" value="D:\Education\eclipse\plugins\RestAssuredAPITesting_Employee_Project"/>
    <property name="java.vm.vendor" value="Oracle Corporation"/>
    <property name="java.vendor.url" value="https://java.oracle.com/"/>
    <property name="guice.disable.misplaced.annotation.check" value="true"/>
    <property name="path.separator" value=";"/>
    <property name="java.vm.name" value="Java HotSpot(TM) 64-Bit Server VM"/>
    <property name="sun.os.patch.level" value=""/>
    <property name="user.script" value=""/>
    <property name="user.country" value="IN"/>
    <property name="sun.java.launcher" value="SUN_STANDARD"/>
    <property name="java.vm.specification.name" value="Java Virtual Machine Specification"/>
    <property name="user.dir" value="D:\Education\eclipse\plugins\RestAssuredAPITesting_Employee_Project"/>
    <property name="java.vm.compressedOopsMode" value="Zero based"/>
    <property name="java.runtime.version" value="13.0.2+8"/>
    <property name="os.arch" value="amd64"/>
    <property name="java.io.tmpdir" value="C:\Users\aksha\AppData\Local\Temp\"/>
    <property name="line.separator" value="&#10;"/>
    <property name="java.vm.specification.vendor" value="Oracle Corporation"/>
    <property name="user.variant" value=""/>
    <property name="os.name" value="Windows 10"/>
    <property name="classworlds.conf" value="D:\Education\eclipse\plugins\.metadata\.plugins\org.eclipse.m2e.launching\launches\m2conf8257356549585283382.tmp"/>
    <property name="sun.jnu.encoding" value="Cp1252"/>
    <property name="java.library.path" value="C:\Program Files\Java\jdk-13.0.2\bin;C:\Windows\Sun\Java\bin;C:\Windows\system32;C:\Windows;C:\Program Files (x86)\Common Files\Oracle\Java\javapath;C:\Program Files (x86)\Intel\Intel(R) Management Engine Components\iCLS\;C:\Program Files\Intel\Intel(R) Management Engine Components\iCLS\;C:\windows\system32;C:\windows;C:\windows\System32\Wbem;C:\windows\System32\WindowsPowerShell\v1.0\;C:\windows\System32\OpenSSH\;C:\Program Files (x86)\Intel\Intel(R) Management Engine Components\DAL;C:\Program Files\Intel\Intel(R) Management Engine Components\DAL;C:\Program Files (x86)\Intel\Intel(R) Management Engine Components\IPT;C:\Program Files\Intel\Intel(R) Management Engine Components\IPT;C:\Program Files (x86)\NVIDIA Corporation\PhysX\Common;C:\Windows\system32;C:\Windows;C:\Windows\System32\Wbem;C:\Windows\System32\WindowsPowerShell\v1.0\;C:\Windows\System32\OpenSSH\;C:\Program Files\NVIDIA Corporation\NVIDIA NvDLISR;C:\Program Files\Java\jdk-13.0.2\bin;C:\Program Files\Java\jre1.8.0_241\bin;C:\apache-maven-3.6.3\bin;C:\apache-maven-3.6.3\\bin;C:\Program Files\Java\jdk-13.0.2\lib;C:\apache-maven-3.6.3\\bin;C:\Users\aksha\AppData\Local\Microsoft\WindowsApps;C:\Users\aksha\AppData\Local\GitHubDesktop\bin;."/>
    <property name="jdk.debug" value="release"/>
    <property name="java.class.version" value="57.0"/>
    <property name="java.specification.name" value="Java Platform API Specification"/>
    <property name="sun.management.compiler" value="HotSpot 64-Bit Tiered Compilers"/>
    <property name="os.version" value="10.0"/>
    <property name="user.home" value="C:\Users\aksha"/>
    <property name="user.timezone" value="Europe/Dublin"/>
    <property name="file.encoding" value="Cp1252"/>
    <property name="java.specification.version" value="13"/>
    <property name="user.name" value="aksha"/>
    <property name="java.class.path" value="D:\Education\eclipse\plugins\org.eclipse.m2e.maven.runtime_1.11.0.20190220-2117\jars\plexus-classworlds-2.5.2.jar"/>
    <property name="java.vm.specification.version" value="13"/>
    <property name="sun.arch.data.model" value="64"/>
    <property name="sun.java.command" value="org.codehaus.plexus.classworlds.launcher.Launcher -B test"/>
    <property name="java.home" value="C:\Program Files\Java\jdk-13.0.2"/>
    <property name="user.language" value="en"/>
    <property name="java.specification.vendor" value="Oracle Corporation"/>
    <property name="java.vm.info" value="mixed mode, sharing"/>
    <property name="java.version" value="13.0.2"/>
    <property name="java.vendor" value="Oracle Corporation"/>
    <property name="maven.home" value="D:\Education\eclipse\plugins\RestAssuredAPITesting_Employee_Project\EMBEDDED"/>
    <property name="file.separator" value="\"/>
    <property name="java.version.date" value="2020-01-14"/>
    <property name="java.vendor.url.bug" value="https://bugreport.java.com/bugreport/"/>
    <property name="sun.io.unicode.encoding" value="UnicodeLittle"/>
    <property name="sun.cpu.endian" value="little"/>
    <property name="sun.cpu.isalist" value="amd64"/>
  </properties>
  <testcase name="checkContentLenght" classname="com.employeeapi.testCases.TC001_Get_All_Employees" time="0.012"/>
  <testcase name="checkContentType" classname="com.employeeapi.testCases.TC001_Get_All_Employees" time="0"/>
  <testcase name="checkCookies" classname="com.employeeapi.testCases.TC001_Get_All_Employees" time="0.001"/>
  <testcase name="checkResponseTime" classname="com.employeeapi.testCases.TC001_Get_All_Employees" time="0.002"/>
  <testcase name="checkResposeBody" classname="com.employeeapi.testCases.TC001_Get_All_Employees" time="0.02"/>
  <testcase name="checkStatusCode" classname="com.employeeapi.testCases.TC001_Get_All_Employees" time="0.001"/>
  <testcase name="checkcontentEncoding" classname="com.employeeapi.testCases.TC001_Get_All_Employees" time="0.001"/>
  <testcase name="checkserverType" classname="com.employeeapi.testCases.TC001_Get_All_Employees" time="0.002"/>
  <testcase name="checkstatusLine" classname="com.employeeapi.testCases.TC001_Get_All_Employees" time="0.002"/>
  <testcase name="checkContentLenght" classname="com.employeeapi.testCases.TC002_Get_Single_Employee_Record" time="0.005">
    <failure type="java.lang.NumberFormatException:">java.lang.NumberFormatException: null
	at java.base/java.lang.Integer.parseInt(Integer.java:620)
	at java.base/java.lang.Integer.parseInt(Integer.java:776)
	at com.employeeapi.testCases.TC002_Get_Single_Employee_Record.checkContentLenght(TC002_Get_Single_Employee_Record.java:79)
</failure>
    <system-out><![CDATA[2020-04-08 21:36:42 INFO  EmployeesRestAPI:125 - *********  Finished TC001_Get_All_Employees **********
2020-04-08 21:36:42 INFO  EmployeesRestAPI:21 - *********Started TC002_Get_Single_Employee_Record **********
]]></system-out>
  </testcase>
  <testcase name="checkContentType" classname="com.employeeapi.testCases.TC002_Get_Single_Employee_Record" time="0"/>
  <testcase name="checkResponseTime" classname="com.employeeapi.testCases.TC002_Get_Single_Employee_Record" time="0"/>
  <testcase name="checkResposeBody" classname="com.employeeapi.testCases.TC002_Get_Single_Employee_Record" time="0.006"/>
  <testcase name="checkStatusCode" classname="com.employeeapi.testCases.TC002_Get_Single_Employee_Record" time="0"/>
  <testcase name="checkserverType" classname="com.employeeapi.testCases.TC002_Get_Single_Employee_Record" time="0.001"/>
  <testcase name="checkstatusLine" classname="com.employeeapi.testCases.TC002_Get_Single_Employee_Record" time="0"/>
  <testcase name="checkContentType" classname="com.employeeapi.testCases.TC003_Post_Employee_Record" time="0"/>
  <testcase name="checkResposeBody" classname="com.employeeapi.testCases.TC003_Post_Employee_Record" time="0"/>
  <testcase name="checkStatusCode" classname="com.employeeapi.testCases.TC003_Post_Employee_Record" time="0.001"/>
  <testcase name="checkcontentEncoding" classname="com.employeeapi.testCases.TC003_Post_Employee_Record" time="0.001">
    <failure message="expected [gzip] but found [null]" type="java.lang.AssertionError">java.lang.AssertionError: expected [gzip] but found [null]
	at org.testng.Assert.fail(Assert.java:97)
	at org.testng.Assert.failNotEquals(Assert.java:969)
	at org.testng.Assert.assertEqualsImpl(Assert.java:131)
	at org.testng.Assert.assertEquals(Assert.java:118)
	at org.testng.Assert.assertEquals(Assert.java:575)
	at org.testng.Assert.assertEquals(Assert.java:585)
	at com.employeeapi.testCases.TC003_Post_Employee_Record.checkcontentEncoding(TC003_Post_Employee_Record.java:94)
</failure>
  </testcase>
  <testcase name="checkserverType" classname="com.employeeapi.testCases.TC003_Post_Employee_Record" time="0"/>
  <testcase name="checkstatusLine" classname="com.employeeapi.testCases.TC003_Post_Employee_Record" time="0"/>
  <testcase name="checkContentType" classname="com.employeeapi.testCases.TC004_Put_Employee_Record" time="0.001"/>
  <testcase name="checkResposeBody" classname="com.employeeapi.testCases.TC004_Put_Employee_Record" time="0">
    <failure message="expected [true] but found [false]" type="java.lang.AssertionError">java.lang.AssertionError: expected [true] but found [false]
	at org.testng.Assert.fail(Assert.java:97)
	at org.testng.Assert.assertEqualsImpl(Assert.java:136)
	at org.testng.Assert.assertEquals(Assert.java:118)
	at org.testng.Assert.assertEquals(Assert.java:751)
	at org.testng.Assert.assertEquals(Assert.java:761)
	at com.employeeapi.testCases.TC004_Put_Employee_Record.checkResposeBody(TC004_Put_Employee_Record.java:56)
</failure>
  </testcase>
  <testcase name="checkStatusCode" classname="com.employeeapi.testCases.TC004_Put_Employee_Record" time="0.001"/>
  <testcase name="checkcontentEncoding" classname="com.employeeapi.testCases.TC004_Put_Employee_Record" time="0">
    <failure message="expected [gzip] but found [null]" type="java.lang.AssertionError">java.lang.AssertionError: expected [gzip] but found [null]
	at org.testng.Assert.fail(Assert.java:97)
	at org.testng.Assert.failNotEquals(Assert.java:969)
	at org.testng.Assert.assertEqualsImpl(Assert.java:131)
	at org.testng.Assert.assertEquals(Assert.java:118)
	at org.testng.Assert.assertEquals(Assert.java:575)
	at org.testng.Assert.assertEquals(Assert.java:585)
	at com.employeeapi.testCases.TC004_Put_Employee_Record.checkcontentEncoding(TC004_Put_Employee_Record.java:94)
</failure>
  </testcase>
  <testcase name="checkserverType" classname="com.employeeapi.testCases.TC004_Put_Employee_Record" time="0.001"/>
  <testcase name="checkstatusLine" classname="com.employeeapi.testCases.TC004_Put_Employee_Record" time="0"/>
  <testcase name="checkContentType" classname="com.employeeapi.testCases.TC005_Delete_Employee_Record" time="0.001"/>
  <testcase name="checkResposeBody" classname="com.employeeapi.testCases.TC005_Delete_Employee_Record" time="0">
    <failure message="expected [true] but found [false]" type="java.lang.AssertionError">java.lang.AssertionError: expected [true] but found [false]
	at org.testng.Assert.fail(Assert.java:97)
	at org.testng.Assert.assertEqualsImpl(Assert.java:136)
	at org.testng.Assert.assertEquals(Assert.java:118)
	at org.testng.Assert.assertEquals(Assert.java:751)
	at org.testng.Assert.assertEquals(Assert.java:761)
	at com.employeeapi.testCases.TC005_Delete_Employee_Record.checkResposeBody(TC005_Delete_Employee_Record.java:44)
</failure>
  </testcase>
  <testcase name="checkStatusCode" classname="com.employeeapi.testCases.TC005_Delete_Employee_Record" time="0"/>
  <testcase name="checkcontentEncoding" classname="com.employeeapi.testCases.TC005_Delete_Employee_Record" time="0">
    <failure message="expected [gzip] but found [null]" type="java.lang.AssertionError">java.lang.AssertionError: expected [gzip] but found [null]
	at org.testng.Assert.fail(Assert.java:97)
	at org.testng.Assert.failNotEquals(Assert.java:969)
	at org.testng.Assert.assertEqualsImpl(Assert.java:131)
	at org.testng.Assert.assertEquals(Assert.java:118)
	at org.testng.Assert.assertEquals(Assert.java:575)
	at org.testng.Assert.assertEquals(Assert.java:585)
	at com.employeeapi.testCases.TC005_Delete_Employee_Record.checkcontentEncoding(TC005_Delete_Employee_Record.java:81)
</failure>
  </testcase>
  <testcase name="checkserverType" classname="com.employeeapi.testCases.TC005_Delete_Employee_Record" time="0.001"/>
  <testcase name="checkstatusLine" classname="com.employeeapi.testCases.TC005_Delete_Employee_Record" time="0"/>
</testsuite>